[    0.000000] Initializing cgroup subsys cpuset
[    0.000000] Initializing cgroup subsys cpu
[    0.000000] Initializing cgroup subsys cpuacct
[    0.000000] Linux version 4.4.0-127-generic (buildd@lcy01-amd64-023) (gcc version 5.4.0 20160609 (Ubuntu 5.4.0-6ubuntu1~16.04.9) ) #153-Ubuntu SMP Sat May 19 10:58:46 UTC 2018 (Ubuntu 4.4.0-127.153-generic 4.4.128)
[    0.000000] Command line: BOOT_IMAGE=/boot/vmlinuz-4.4.0-127-gneri root=LABEL=cloudimg-rootfs ro console=tty1 console=ttyS0
[    0.000000] KERNEL supported cpus:
[    0.000000]   Intel GenuineIntel
[    0.000000]   AMD AuthenticAMD
[    0.000000]   Centaur Centaurauls
[    0.000000] x86/fpu: xstate_offset[2]:  576, xstate_sizes[2]:  256
[    0.000000] x86/fpu: Supporting XSAVE feature 0x01: 'x87 floating point registers'
[    0.000000] x86/fpu: Supporting XSAVE feature 0x02: 'SSE registers'
[    0.000000] x86/fpu: Supporting XSAVE feature 0x04: 'AVX registers'
[    0.000000] x86/fpu: Enabled xstate features 0x7, context size is 832 bytes, using 'standard' format.
[    0.000000] x86/fpu: Using 'lazy' FPU context switches.
[    0.000000] e820: BIOS-provided physical RAM map:
[    0.000000] BIOS-e820: [mem 0x0000000000000000-0x000000000009fbff] usable
[    0.000000] BIOS-e820: [mem 0x000000000009fc00-0x000000000009ffff] reserved
[    0.000000] BIOS-e820: [mem 0x00000000000f0000-0x00000000000fffff] reserved
[    0.000000] BIOS-e820: [mem 0x0000000000100000-0x000000003ffeffff] usable
[    0.000000] BIOS-e820: [mem 0x000000003fff0000-0x000000003fffffff] ACPI data
[    0.000000] BIOS-e820: [mem 0x00000000fec00000-0x00000000fec00fff] reserved
[    0.000000] BIOS-e820: [mem 0x00000000fee00000-0x00000000fee00fff] reserved
[    0.000000] BIOS-e820: [mem 0x00000000fffc0000-0x00000000ffffffff] reserved
[    0.000000] NX (Execute Disable) protection: active
[    0.000000] SMBIOS 2.5 present.
[    0.000000] Hypervisor detected: KVM
[    0.000000] e820: last_pfn = 0x3fff0 max_arch_pfn = 0x400000000
[    0.000000] MTRR: Disabled
[    0.000000] x86/PAT: MTRRs disabled, skipping PAT initialization too.
[    0.000000] CPU MTRRs all blank - virtualized system.
[    0.000000] x86/PAT: Configuration [0-7]: WB  WT  UC- UC  WB  WT  UC- UC  
[    0.000000] found SMP MP-table at [mem 0x0009fff0-0x0009ffff] mapped at [ffff88000009fff0]
[    0.000000] Scanning 1 areas for low memory corruption
[    0.000000] RAMDISK: [mem 0x36ab4000-0x37551fff]
[    0.000000] ACPI: Early table checksum verification disabled
[    0.000000] ACPI: RSDP 0x00000000000E0000 000024 (v02 VBOX  )
[    0.000000] ACPI: XSDT 0x000000003FFF0030 00003C (v01 VBOX   VBOXXSDT 00000001 ASL  00000061)
[    0.000000] ACPI: FACP 0x000000003FFF00F0 0000F4 (v04 VBOX   VBFACP 00000001 ASL  00000061)
[   0.000000] ACPI: DSDT 0x000000003FFF0470 0021FF (v02 VBOX   VBOXBIOS 00000002 INTL 20100528)
[  0.000000] ACPI: FACS 0x000000003FFF0200 000040
[    0.000000] ACPI: FACS 0x000000003FFF0200 000040
[    0.000000] ACPI: APIC 0x000000003FFF0240 00005C (v02 VBOX   VBOXAPIC 00000001 ASL  00000061)
[    0.000000] ACPI: SSDT 0x0000000003FFF02A0 0001CC (v01 VBOX   VBOXCPUT 00000002 INTL 20100528)
[    0000000] No NUMA configuration found
[    0.000000] Faking a node at [mem 0x0000000000000000-0x000000003ffeffff]
[    0.000000] NODE_DATA(0) allocated [mem 0x3ffeb000-0x3ffeffff]
[    0.000000] kvm-clock: Using msrs 4b564d01 and 4b564d00
[    0.000000] kvm-clock: cpu 0, msr 0:3ffe3001, primary cpu clock
[    0.000000] kvm-clock: using sched offset of 3676449225 cycles
[    0.000000] clocksource: kvm-clock: mask: 0xffffffffffffffff max_cycles: 0x1cd42e4dffb, max_idle_ns: 881590591483 ns
[    0.000000] Zone ranges:
[    0.000000]   DMA      [mem 0x0000000000001000-0x0000000000ffffff]
[    0.000000]   DMA32    [mem 0x0000000001000000-0x000000003ffeffff]
[    0.000000]   Normal   empty
[    0.000000]   Device   empty
[    0.000000] Movable zone start for each node
[    0.000000] Early memory node ranges
[    0.000000]   node   0: [mem 0x0000000000001000-0x000000000009efff]
[    0.000000]   node   0: [mem 0x0000000000100000-0x000000003ffeffff]
[    0.000000] Initmem setup node 0 [mem 0x0000000000001000-0x000000003ffeffff]
[    0.000000] ACPI: PM-Timer IO Port: 0x4008
[    0.000000] IOAPIC[0]: apic_id 2, version 32, address 0xfec00000, GSI 0-23
[    0.000000] ACPI: INT_SRC_OVR (bus 0 bus_irq 0 global_irq 2 dfl dfl)
[    0.000000] ACPI: INT_SRC_OVR (bus 0 bus_irq 9 global_irq 9 low level)
[    0.000000] Using ACPI (MADT) for SMP configuration information
[    0.000000] smpboot: Allowing 2 CPUs, 0 hotplug CPUs
[    0.000000] PM: Registered nosave memory: [mem 0x00000000-0x00000fff]
[    0.000000] PM: Registered nosave memory: [mem 0x0009f000-0x0009ffff]
[    0.000000] PM: Registered nosave memory: [mem 0x000a0000-0x000effff]
[    0.000000] PM: Registered nosave memory: [mem 0x000f0000-0x000fffff]
[    0.000000] e820: [mem 0x40000000-0xfebfffff] available for PCI devices
[    0.000000] Booting paravirtualized kernel on KVM
[    0.000000] clocksource: refined-jiffies: mask: 0xffffffff max_cycles: 0xffffffff, max_idle_ns: 7645519600211568 ns
[    0.000000] setup_percpu: NR_CPUS:512 nr_cpumask_bits:512 nr_cpu_ids:2 nr_node_ids:1
[    0.000000] PERCPU: Embedded 34 pages/cpu @ffff88003fc00000 s99544 r8192 d31528 u1048576
[    0.000000] PV qspinlock hash table entries: 256 (order: 0, 4096 bytes)
[    0.000000] Built 1 zonelists in Node order, mobility grouping on.  Total pages: 257912
[    0.000000] Policy zone: DMA32
[    0.000000] Kernel command line: BOOT_IMAGE=/boot/vmlinuz-4.4.0-127-generic root=LABEL=cloudimg-rootfs ro console=tty1 console=ttyS0
[    0.000000] PID hash table entries: 4096 (order: 3, 32768 bytes)
[    0.000000] Memory: 1001648K/1048120K available (8537K kernel code, 1313K rwdata, 4000K rodata, 1512K init, 1316K bss, 46472K reserved, 0K cma-reserved)
[    0.000000] SLUB:HWlign=64, Order=0-3, MinObjects=0, CPUs=2, Nodes=1
[    0.000000] Kernel/User page tables isolation: enable
[  0.00000] Hierarchical RCU implementation.
[    0.000000] 	Build-time adjustment of leaf fanout to 64.
[    0.000000] 	RCU restricting CPUs from NR_CPUS=512 to nr_cpu_ids=2.
[    0.000000] RCU: Adjusting geometry for rcu_fanout_leaf=64, nr_cpu_ids=2
[    0.000000] NR_IRQS:33024 nr_irqs:440 16
[    0.000000] Console: colour VGA+ 80x25
[    0.000000] console [tty1] enabled
[    0.000000] console [ttyS0] enabled
[    0.000000] tsc: Detected 1511.998 MHz processor
[   0.903190] Calibrating delay loop (skipped) preset value.. 3023.99 BogoMIPS (lpj=6047992)
[    0.927479] pid_max: default: 32768 minimum: 301
[    0.929105] ACPI: Core revision 20150930
[   0.932458] ACPI: 22 ACPI AML tables successfully acquired and loaded
[    0.956958] Security Framework initialized
[    0.958545] Yama: becoming mindful.
[    0.959796] AppArmor: AppArmor initialized
[    0.961376] Dentry cache hash table entries: 131072 (order: 8, 1048576 bytes)
[    0.968637] Inode-cache hash table entries: 65536 (order: 7, 524288 bytes)
[    0.970871] Mount-cache hash table entries: 2048 (order: 2, 16384 bytes)
[    1.036503] Mountpoint-cache hash table entries: 2048 (order: 2, 16384 bytes)
[    1.048669] Initializing cgroup subsys io
[    1.091300] Initializing cgroup subsys memory
[    1.107208] Initializing cgroup subsys devices
[    1.145083] Initializing cgroup subsys freezer
[    1.168779] Initializing cgroup subsys net_cls
[    1.178392] Initializing cgroup subsys perf_event
[    1.186884] Initializing cgroup subsys net_prio
[    1.188886] Initializing cgroup subsys hugetlb
[    1.190586] Initializing cgroup subsys pids
[    1.192299] CPU: Physical Processor ID: 0
[    1.194057] CPU: Processor Core ID: 0
[    1.197471] mce: CPU supports 0 MCE banks
[    1.198957] Last level iTLB entries: 4KB 64, 2MB 8, 4MB 8
[    1.200889] Last level dTLB entries: 4KB 64, 2MB 0, 4MB 0, 1GB 4
[    1.243509] Spectre V2 : Mitigation: Full generic retpoline
[    1.255281] Spectre V2 : Speculation control IBPB not-supported IBRS not-supported
[    1.316415] Spectre V2 : Filling RSB on context switch
[    1.339222] Speculative Store Bypass: Vulnerable
[    1.371808] Freeing SMP alternatives memory: 32K
[    1.412079] ftrace: allocating 32237 entries in 126 pages
[    1.552766] smpboot: APIC(0) Converting physical 0 to logical package 0
[    1.607026] smpboot: Max logical packages: 1
[    1.667293] x2apic enabled
[    1.680282] Switched APIC routing to physical x2apic.
[    1.732530] ..TIMER: vector=0x30 apic1=0 pin1=2 apic2=-1 pin2=-1
[    1.874441] smpboot: CPU0: Intel(R) Core(TM) m3-6Y30 CPU @ 0.90GHz (family: 0x6, model: 0x4e, stepping: 0x3)
[    1.897765] Performance Events: unsupported p6 CPU model 78 no PMU driver, software events only.
[    1.900957] KVM setup paravirtual spinlock
[    1.903601] x86: Booting SMP configuration:
[    1.911653] .... node  #0, CPUs:      #1
[    1.913228] kvm-clock: cpu 1, msr 0:3ffe3041, secondary cpu clock
[    1.917052] mce: CPU supports 0 MCE banks
[    1.926755] x86: Booted up 1 node, 2 CPUs
[    1.928727] smpboot: Total of 2 processors activated (6047.99 BogoMIPS)
[    1.932585] devtmpfs: initialized
[    1.937804] evm: security.selinux
[    1.939150] evm: security.SMACK64
[    1.947343] evm: security.SMACK64EXEC
[    1.948745] evm: security.SMACK64TRANSMUTE
[    1.957025] evm: security.SMACK64MMAP
[    1.958431] evm: security.ima
[    1.961179] evm: security.capability
[    1.962789] clocksource: jiffies: mask: 0xffffffff max_cycles: 0xffffffff, max_idle_ns: 7645041785100000 ns
[    1.976000] futex hash table entries: 512 (order: 3, 32768 bytes)
[    1.978590] pinctrl core: initialized pinctrl subsystem
[    1.980713] RTC time:  2:43:57, date: 06/10/18
[    1.982783] NET: Registered protocol family 16
[    1.996291] cpuidle: using governor ladder
[    2.007730] cpuidle: using governor menu
[    2.009305] PCCT header not found.
[    2.010734] ACPI: bus type PCI registered
[    2.012357] acpiphp: ACPI Hot Plug PCI Controller Driver version: 0.5
[    2.014995] PCI: Using configuration type 1 for base access
[    2.037179] ACPI: Added _OSI(Module Device)
[    2.038738] ACPI: Added _OSI(Processor Device)
[    2.040397] ACPI: Added _OSI(3.0 _SCP Extensions)
[    2.043944] ACPI: Added _OSI(Processor Aggregator Device)
[    2.047039] ACPI: Executed 1 blocks of module-level executable AML code
[    2.053651] ACPI: Interpreter enabled
[    2.055074] ACPI: (supports S0 S5)
[    2.056353] ACPI: Using IOAPIC for interrupt routing
[    2.058511] PCI: Using host bridge windows from ACPI; if necessary, use "pci=nocrs" and report a bug
[    2.069108] ACPI: PCI Root Bridge [PCI0] (domain 0000 [bus 00-ff])
[    2.071373] acpi PNP0A03:00: _OSC: OS supports [ASPM ClockPM Segments MSI]
[    2.073877] acpi PNP0A03:00: _OSC: not requesting OS control; OS requires [ExtendedConfig ASPM ClockPM MSI]
[    2.077503] acpi PNP0A03:00: fail to add MMCONFIG information, can't access extended PCI configuration space under this bridge.
[    2.082627] PCI host bridge to bus 0000:00
[    2.084571] pci_bus 0000:00: root bus resource [io  0x0000-0x0cf7 window]
[    2.086724] pci_bus 0000:00: root bus resource [io  0x0d00-0xffff window]
[    2.088745] pci_bus 0000:00: root bus resource [mem 0x000a0000-0x000bffff window]
[    2.091302] pci_bus 0000:00: root bus resource [mem 0x40000000-0xfdffffff window]
[    2.093717] pci_bus 0000:00: root bus resource [bus 00-ff]
[    2.098451] pci 0000:00:01.1: legacy IDE quirk: reg 0x10: [io  0x01f0-0x01f7]
[    2.100384] pci 0000:00:01.1: legacy IDE quirk: reg 0x14: [io  0x03f6]
[    2.121481] pci 0000:00:01.1: legacy IDE quirk: reg 0x18: [io  0x0170-0x0177]
[    2.149875] pci 0000:00:01.1: legacy IDE quirk: reg 0x1c: [io  0x0376]
[    2.189399] pci 0000:00:07.0: quirk: [io  0x4000-0x403f] claimed by PIIX4 ACPI
[    2.247378] pci 0000:00:07.0: quirk: [io  0x4100-0x410f] claimed by PIIX4 SMB
[    2.295087] ACPI: PCI Interrupt Link [LNKA] (IRQs 5 9 10 *11)
[    2.345468] ACPI: PCI Interrupt Link [LNKB] (IRQs 5 9 *10 11)
[    2.402677] ACPI: PCI Interrupt Link [LNKC] (IRQs 5 *9 10 11)
[    2.405112] ACPI: PCI Interrupt Link [LNKD] (IRQs 5 9 10 *11)
[    2.407538] ACPI: Enabled 2 GPEs in block 00 to 07
[    2.409641] vgaarb: setting as boot device: PCI:0000:00:02.0
[    2.413192] vgaarb: device added: PCI:0000:00:02.0,decodes=io+mem,owns=io+mem,locks=none
[    2.415855] vgaarb: loaded
[    2.416887] vgaarb: bridge control possible 0000:00:02.0
[    2.418929] SCSI subsystem initialized
[    2.420401] ACPI: bus type USB registered
[    2.421775] usbcore: registered new interface driver usbfs
[    2.423425] usbcore: registered new interface driver hub
[    2.425051] usbcore: registered new device driver usb
[    2.430400] PCI: Using ACPI for IRQ routing
[    2.432207] NetLabel: Initializing
[    2.433378] NetLabel:  domain hash size = 128
[    2.435101] NetLabel:  protocols = UNLABELED CIPSOv4
[    2.436732] NetLabel:  unlabeled traffic allowed by default
[    2.438656] amd_nb: Cannot enumerate AMD northbridges
[    2.440254] clocksource: Switched to clocksource kvm-clock
[    2.456309] AppArmor: AppArmor Filesystem Enabled
[    2.457897] pnp: PnP ACPI init
[    2.459959] pnp: PnP ACPI: found 3 devices
[   2.474391] clocksource: acpi_pm: mask: 0xffffff max_cycles: 0xffffff, max_idle_ns: 2085701024 ns
[    2.510346] NET: Registered protocol family 2

[    2.511792] TCP established hash table entries: 8192 (order: 4, 65536 bytes)
[    2.513682] TCP bind hash table entries: 8192 (order: 5, 131072 bytes)
[    2.515656] TCP: Hash tables configured (established 8192 bind 8192)
[    2.517668] UDP hash table entries: 512 (order: 2, 16384 bytes)
[    2.519590] UDP-Lite hash table entries: 512 (order: 2, 16384 bytes)
[    2.521529] NET: Registered protocol family 1
[    2.522971] pci 0000:00:00.0: Limiting direct PCI/PCI transfers
[    2.524765] pci 0000:00:01.0: Activating ISA DMA hang workarounds
[    2.526723] Unpacking initramfs...
[    6.165533] Freeing initrd memory: 10872K
[    6.217199] platform rtc_cmos: registered platform RTC device (no PNP device found)
[    6.242069] Scanning for low memory corruption every 60 seconds
[    6.326928] audit: initializing netlink subsys (disabled)
[    6.335699] audit: type=2000 audit(1528598645.032:1): initialized
[    6.381802] Initialise system trusted keyring
[    6.384069] HugeTLB registered 2 MB page size, pre-allocated 0 pages
[    6.389641] zbud: loaded
[    6.391464] VFS: Disk quotas dquot_6.6.0
[    6.393192] VFS: Dquot-cache hash table entries: 512 (order 0, 4096 bytes)
[    6.395916] squashfs: version 4.0 (2009/01/31) Phillip Lougher
[    6.398417] fuse init (API version 7.23)
[    6.400088] Key type big_key registered
[    6.402131] Allocating IMA MOK and blacklist keyrings.
[    6.412629] Key type asymmetric registered
[    6.413927] Asymmetric key parser 'x509' registered
[    6.415426] Block layer SCSI generic (bsg) driver version 0.4 loaded (major 249)
[    6.418240] io scheduler noop registered
[    6.427176] io scheduler deadline registered (default)
[    6.429297] io scheduler cfq registered
[    6.431131] pci_hotplug: PCI Hot Plug PCI Core version: 0.5
[    6.432772] pciehp: PCI Express Hot Plug Controller Driver version: 0.4
[    6.435034] ACPI: AC Adapter [AC] (off-line)
[    6.436616] input: Power Button as /devices/LNXSYSTM:00/LNXPWRBN:00/input/input0
[    6.453828] ACPI: Power Button [PWRF]
[    6.455192] input: Sleep Button as /devices/LNXSYSTM:00/LNXSLPBN:00/input/input1
[    6.458137] ACPI: Sleep Button [SLPF]
[    6.460764] GHES: HEST is n enabled!
[    6.460881] ACPI: Battery Slot [BAT0] (battery present)

[    6.548667] Serial: 8250/16550 driver, 32 ports, IRQ sharing enabled
[    6.586910] 00:02: ttyS0 at I/O 0x3f8 (irq = 4, base_baud = 115200) is a 16550A
[    6.591217] Linux agpgart interface v0.103
[    6.598902] loop: module loaded
[    6.609926] scsi host0: ata_piix
[    6.611339] scsi host1: ata_piix
[    6.612552] ata1: PATA max UDMA/33 cmd 0x1f0 ctl 0x3f6 bmdma 0xd000 irq 14
[    6.624162] ata2: PATA max UDMA/33 cmd 0x170 ctl 0x376 bmdma 0xd008 irq 15
[    6.626653] libphy: Fixed MDIO Bus: probed
[    6.649565] tun: Universal TUN/TAP device driver, 1.6
[    6.651739] tun: (C) 1999-2004 Max Krasnyansky <maxk@qualcomm.com>
[    6.654552] PPP generic driver version 2.4.2
[    6.664730] ehci_hcd: USB 2.0 'Enhanced' Host Controller (EHCI) Driver
[    6.675809] ehci-pci: EHCI PCI platform driver
[    6.677377] ehci-platform: EHCI generic platform driver
[    6.679248] ohci_hcd: USB 1.1 'Open' Host Controller (OHCI) Driver
[    6.692508] ohci-pci: OHCI PCI platform driver
[    6.708495] ohci-platform: OHCI generic platform driver
[    6.723447] uhci_hcd: USB Universal Host Controller Interface driver
[    6.725890] i8042: PNP: PS/2 Controller [PNP0303:PS2K,PNP0f03:PS2M] at 0x60,0x64 irq 1,12
[    6.729632] serio: i8042 KBD port at 0x60,0x64 irq 1
[    6.734375] serio: i8042 AUX port at 0x60,0x64 irq 12
[    6.736253] mousedev: PS/2 mouse device common for all mice
[    6.738949] rtc_cmos rtc_cmos: rtc core: registered rtc_cmos as rtc0
[    6.749140] rtc_cmos rtc_cmos: alarms up to one day, 114 bytes nvram
[    6.779525] input: AT Translated Set 2 keyboard as /devices/platform/i8042/serio0/input/input2
[    6.807269] i2c /dev entries driver
[    6.808875] device-mapper: uevent: version 1.0.3
[    6.814950] device-mapper: ioctl: 4.34.0-ioctl (2015-10-28) initialised: dm-devel@redhat.com
[    6.825621] ledtrig-cpu: registered to indicate activity on CPUs
[    6.828467] NET: Registered protocol family 10
[    6.830955] NET: Registered protocol family 17
[    6.838565] Key type dns_resolver registered
[    6.840545] registered taskstats version 1
[    6.859076] Loading compiled-in X.509 certificates
[    6.861577] Loaded X.509 cert 'Build time autogenerated kernel key: 9f6f572a3ee0cb468eb8db4aa61815bc74ef6adb'
[    6.872680] zswap: loaded using pool lzo/zbud
[    6.876767] Key type trusted registered
[    6.883570] Key type encrypted registered
[    6.906414] AppArmor: AppArmor sha1 policy hashing enabled
[    6.973432] ima: No TPM chip found, activating TPM-bypass!
[    7.002868] evm: HMAC attrs: 0x1
[    7.036295]   Magic number: 6:643:712
[    7.065802] rtc_cmos rtc_cmos: setting system clock to 2018-06-10 02:44:02 UTC (1528598642)
[    7.111443] BIOS EDD facility v0.16 2004-Jun-25, 0 devices found
[    7.184103] EDD information not available.
[    7.240334] tsc: Refined TSC clocksource calibration: 1511.905 MHz
[    8.267703] clocksource: tsc: mask: 0xffffffffffffffff max_cycles: 0x15cb10cbc87, max_idle_ns: 440795234293 ns
[    8.272714] Freeing unused kernel memory: 1512K
[    8.316524] Write protecting the kernel read-only data: 14336k
[    8.350184] Freeing unused kernel memory: 1692K
[    8.385131] Freeing unused kernel memory: 96K
Loading, please wait...
starting version[    8.439603] random: systemd-udevd: uninitialized urandom read (16 bytes read, 7 bits of entropy available)
 229
[    8.440428] random: udevadm: uninitialized urandom read (16 bytes read, 7 bits of entropy available)
[    8.440460] random: udevadm: uninitialized urandom read (16 bytes read, 7 bits of entropy available)
[    8.454944] random: udevadm: uninitialized urandom read (16 bytes read, 7 bits of entropy available)
[    8.455045] random: udevadm: uninitialized urandom read (16 bytes read, 7 bits of entropy available)
[    8.455432] random: udevadm: uninitialized urandom read (16 bytes read, 7 bits of entropy available)
[    8.455557] random: udevadm: uninitialized urandom read (16 bytes read, 7 bits of entropy available)
[    8.455676] random: udevadm: uninitialized urandom read (16 bytes read, 7 bits of entropy available)
[    8.455766] random: udevadm: uninitialized urandom read (16 bytes read, 7 bits of entropy available)
[    8.455845] random: udevadm: uninitialized urandom read (16 bytes read, 7 bits of entropy available)
[    8.569773] e1000: Intel(R) PRO/1000 Network Driver - version 7.3.21-k8-NAPI
[    8.572049] e1000: Copyright (c) 1999-2006 Intel Corporation.
[    8.587226] Fusion MPT base driver 3.04.20
[    8.595366] Copyright (c) 1999-2008 LSI Corporation
[    8.631979] AVX2 version of gcm_enc/dec engaged.
[    8.633830] AES CTR mode by8 optimization enabled
[    8.662294] Fusion MPT SPI Host driver 3.04.20
[    8.832528] input: ImExPS/2 Generic Explorer Mouse as /devices/platform/i8042/serio1/input/input4
[    9.061034] e1000 0000:00:03.0 eth0: (PCI:33MHz:32-bit) 02:e4:ac:f5:39:a9
[    9.112997] e1000 0000:00:03.0 eth0: Intel(R) PRO/1000 Network Connection
[    9.161464] mptbase: ioc0: Initiating bringup
[    9.162470] e1000 0000:00:03.0 enp0s3: renamed from eth0
[    9.298576] ioc0: LSI53C1030 A0: Capabilities={Initiator}
[    9.500094] scsi host2: ioc0: LSI53C1030 A0, FwRev=00000000h, Ports=1, MaxQ=256, IRQ=20
[    9.617747] scsi 2:0:0:0: Direct-Access     VBOX     HARDDISK         1.0  PQ: 0 ANSI: 5
[    9.629115] scsi target2:0:0: Beginning Domain Validation
[    9.632822] scsi target2:0:0: Domain Validation skipping write tests
[    9.640156] scsi target2:0:0: Ending Domain Validation
[    9.642169] scsi target2:0:0: asynchronous
[    9.644333] scsi 2:0:1:0: Direct-Access     VBOX     HARDDISK         1.0  PQ: 0 ANSI: 5
[    9.646741] scsi target2:0:1: Beginning Domain Validation
[    9.649712] scsi target2:0:1: Domain Validation skipping write tests
[    9.672022] scsi target2:0:1: Ending Domain Validation
[    9.674083] scsi target2:0:1: asynchronous
[    9.686474] sd 2:0:0:0: Attached scsi generic sg0 type 0
[    9.688778] sd 2:0:0:0: [sda] 20971520 512-byte logical blocks: (10.7 GB/10.0 GiB)
[    9.689152] sd 2:0:1:0: [sdb] 20480 512-byte logical blocks: (10.5 MB/10.0 MiB)
[    9.689384] sd 2:0:1:0: [sdb] Write Protect is off
[    9.689554] sd 2:0:1:0: [sdb] Incomplete mode parameter data
[    9.689556] sd 2:0:1:0: [sdb] Assuming drive cache: write through
[    9.689664] sd 2:0:1:0: Attached scsi generic sg1 type 0
[    9.693500] sd 2:0:1:0: [sdb] Attached SCSI disk
[    9.711794] sd 2:0:0:0: [sda] Write Protect is off
[    9.721043] sd 2:0:0:0: [sda] Incomplete mode parameter data
[    9.723085] sd 2:0:0:0: [sda] Assuming drive cache: write through
[    9.727411]  sda: sda1
[    9.729597] sd 2:0:0:0: [sda] Attached SCSI disk
Begin: Loading essential drivers ... [   11.402757] md: linear personality registered for level -1
[   11.409784] md: multipath personality registered for level -4
[   11.415700] md: raid0 personality registered for level 0
[   11.431344] md: raid1 personality registered for level 1
[   11.508553] raid6: sse2x1   gen()  4632 MB/s
[   11.628628] raid6: sse2x1   xor()  3538 MB/s
[   11.748615] raid6: sse2x2   gen()  5897 MB/s
[   11.857007] raid6: sse2x2   xor()  4264 MB/s
[   11.948783] raid6: sse2x4   gen()  6500 MB/s
[   12.017045] raid6: sse2x4   xor()  5365 MB/s
[   12.084368] raid6: avx2x1   gen() 10371 MB/s
[   12.152275] raid6: avx2x2   gen() 11310 MB/s
[   12.232752] raid6: avx2x4   gen() 10058 MB/s
[   12.243623] raid6: using algorithm avx2x2 gen() 11310 MB/s
[   12.245836] raid6: using avx2x2 recovery algorithm
[   12.256001] xor: automatically using best checksumming function:
[   12.296728]    avx       :  8724.000 MB/sec
[   12.307117] async_tx: api initialized (async)
[   12.332847] md: raid6 personality registered for level 6
[   12.348835] md: raid5 personality registered for level 5
[   12.350850] md: raid4 personality registered for level 4
[   12.369019] md: raid10 personality registered for level 10
done.
Begin: Running /scripts/init-premount ... done.
Begin: Mounting root file system ... Begin: Running /scripts/local-top ... done.
Begin: Running /scripts/local-premount ... [   12.433458] Btrfs loaded
Scanning for Btrfs filesystems
done.
Warning: fsck no[   12.485736] EXT4-fs (sda1): mounted filesystem with ordered data mode. Opts: (null)
t present, so skipping root file system
done.
Begin: Running /scripts/local-bottom ... done.
Begin: Running /scripts/init-bottom ... done.
[   12.696132] systemd[1]: systemd 229 running in system mode. (+PAM +AUDIT +SELINUX +IMA +APPARMOR +SMACK +SYSVINIT +UTMP +LIBCRYPTSETUP +GCRYPT +GNUTLS +ACL +XZ -LZ4 +SECCOMP +BLKID +ELFUTILS +KMOD -IDN)
[   12.754443] systemd[1]: Detected virtualization oracle.
[   12.785337] systemd[1]: Detected architecture x86-64.

Welcome to [1mUbuntu 16.04.4 LTS[0m!

[   12.838178] systemd[1]: Set hostname to <ubuntu-xenial>.
[   13.086135] systemd[1]: Listening on Syslog Socket.
[[0;32m  OK  [0m] Listening on Syslog Socket.
[   13.090184] systemd[1]: Created slice User and Session Slice.
[[0;32m  OK  [0m] Created slice User and Session Slice.
[   13.113284] systemd[1]: Listening on udev Kernel Socket.
[[0;32m  OK  [0m] Listening on udev Kernel Socket.
[   13.161642] systemd[1]: Reached target User and Group Name Lookups.
[[0;32m  OK  [0m] Reached target User and Group Name Lookups.
[   13.208950] systemd[1]: Listening on Journal Audit Socket.
[[0;32m  OK  [0m] Listening on Journal Audit Socket.
[   13.214365] systemd[1]: Reached target Encrypted Volumes.
[[0;32m  OK  [0m] Reached target Encrypted Volumes.
[   13.232559] systemd[1]: Listening on Device-mapper event daemon FIFOs.
[[0;32m  OK  [0m] Listening on Device-mapper event daemon FIFOs.
[   13.250548] systemd[1]: Listening on Journal Socket.
[[0;32m  OK  [0m] Listening on Journal Socket.
[   13.281283] systemd[1]: Started Trigger resolvconf update for networkd DNS.
[[0;32m  OK  [0m] Started Trigger resolvconf update for networkd DNS.
[   13.303922] systemd[1]: Listening on LVM2 poll daemon socket.
[[0;32m  OK  [0m] Listening on LVM2 poll daemon socket.
[   13.321452] systemd[1]: Reached target Swap.
[[0;32m  OK  [0m] Reached target Swap.
[   13.325721] systemd[1]: Created slice System Slice.
[[0;32m  OK  [0m] Created slice System Slice.
[   13.356546] systemd[1]: Starting Uncomplicated firewall...
         Starting Uncomplicated firewall...
[   13.361014] systemd[1]: Reached target Slices.
[[0;32m  OK  [0m] Reached target Slices.
[   13.367858] systemd[1]: Starting Load Kernel Modules...
         Starting Load Kernel Modules...
[   13.372217] systemd[1]: Starting Remount Root and Kernel File Systems...
         Starting Remount Root and Kernel File Systems...
[   13.377570] systemd[1]: Mounting POSIX Message Queue File System...
         Mounting POSIX Message Queue File System...
[   13.382636] systemd[1]: Mounting Debug File System...
[   13.391378] Loading iSCSI transport class v2.0-870.
         Mounting Debug File System...
[   13.396174] systemd[1]: Starting Create list of required static device nodes for the current kernel...
         Starting Create list of required st... nodes for the current kernel...
[   13.412550] systemd[1]: Set up automount Arbitrary Executable File Formats File System Automount Point.
[[0;32m  OK  [[   13.417939] EXT4-fs (sda1): re-mounted. Opts: (null)
0m] Set up automount Arbitrary Executab...ats File System Automount Point.
[   13.429639] iscsi: registered transport (tcp)
[   13.443249] systemd[1]: Starting Set console keymap...
         Starting Set console keymap...
[   13.447225] systemd[1]: Reached target System Time Synchronized.
[[0;32m  OK  [0m] Reached target System Time Synchronized.
[   13.452959] systemd[1]: Mounting Huge Pages File System...
         Mounting Huge Pages File System...
[   13.458751] systemd[1]: Listening on /dev/initctl Compatibility Named Pipe.
[[0;32m  OK  [0m] Listening on /dev/initctl Compatibility Named Pipe.
[   13.468446] systemd[1]: Listening on udev Control Socket.
[[0;32m  OK  [0m] Listening on udev Control Socket.
[   13.472454] systemd[1]: Started Forward Password Requests to Wall Directory Watch.
[[0;32m  OK  [0m] Started Forward Password Requests to Wall Directory Watch.
[   13.484562] systemd[1]: Starting Nameserver information manager...
         Starting Nameserver information manager...
[   13.491061] systemd[1]: Listening on LVM2 metadata daemon socket.
[[0;32m  OK  [0m] Listening on LVM2 metadata daemon socket.
[   13.513132] iscsi: registered transport (iser)
[   13.528944] systemd[1]: Starting Monitoring of LVM2 mirrors, snapshots etc. using dmeventd or progress polling...
[   13.532562] random: nonblocking pool is initialized
         Starting Monitoring of LVM2 mirrors... dmeventd or progress polling...
[ 13565590] systemd[1]: Listening on Journal Socket (/d/l).
[[0;32m  OK  [0m] Listening on Journal Socket (/dev/log).
[   13.945443] systemd[1]: Starting Journal Service...
         Starting Journal Service...
[   13.977732] systemd[1]: Created slice system-serial\x2dgetty.slice.
[[0;32m  OK  [0m] Created slice system-serial\x2dgetty.slice.
[   14.079375] systemd[1]: Mounted Huge Pages File System.
[[0;32m  OK  [0m] Mounted Huge Pages File System.
[   14.106400] systemd[1]: Mounted POSIX Message Queue File System.
[[0;32m  OK  [0m] Mounted POSIX Message Queue File System.
[   14.145151] systemd[1]: Mounted Debug File System.
[[0;32m  OK  [0m] Mounted Debug File System.
[   14.148965] systemd[1]: Started Journal Service.
[[0;32m  OK  [0m] Started Journal Service.
[[0;32m  OK  [0m] Started Uncomplicated firewall.
[[0;32m  OK  [0m] Started Load Kernel Modules.
[[0;32m  OK  [0m] Started Remount Root and Kernel File Systems.
[[0;32m  OK  [0m] Started Create list of required sta...ce nodes for the current kernel.
[[0;32m  OK  [0m] Started Set console keymap.
[[0;32m  OK  [0m] Started Nameserver information manager.
[[0;32m  OK  [0m] Started LVM2 metadata daemon.
         Starting Create Static Device Nodes in /dev...
         Starting udev Coldplug all Devices...
         Starting Load/Save Random Seed...
         Starting Apply Kernel Variables...
         Mounting FUSE Control File System...
         Starting Flush Journal to Persistent Storage...
[[0;32m  OK  [0m] Mounted FUSE Control File System.
[[0;32m  OK  [0m] Started Create Static Device Nodes in /dev.
[[0;32m  OK  [0m] Started Load/Save Random Seed.
[[0;32m  OK  [0m] Started Apply Kernel Variables.
[[0;32m  OK  [0m] Started udev Coldplug all Devices.
[[0;32m  OK  [0m] Started Flush Journal to Persistent Storage.
[[0;32m  OK  [0m] Started Monitoring of LVM2 mirrors,...ng dmeventd or progress polling.
         Starting udev Kernel Device Manager...
[[0;32m  OK  [0m] Started udev Kernel Device Manager.
[[0;32m  OK  [0m] Started Dispatch Password Requests to Console Directory Watch.
[[0;32m  OK  [0m] Reached target Local File Systems (Pre).
[[0;32m  OK  [0m] Reached target Local File Systems.
         Starting Create Volatile Files and Directories...
         Starting Initial cloud-init job (pre-networking)...
         Starting Set console font and keymap...
         Starting Tell Plymouth To Write Out Runtime Data...
         Starting LSB: AppArmor initialization...
[[0;32m  OK  [0m] Started Create Volatile Files and Directories.
[[0;32m  OK  [0m] Started Tell Plymouth To Write Out Runtime Data.
         Starting Update UTMP about System Boot/Shutdown...
[[0;32m  OK  [0m] Started Update UTMP about System Boot/Shutdown.
[[0;32m  OK  [0m] Started LSB: AppArmor initialization.
[[0;32m  OK  [0m] Found device /dev/ttyS0.
[[0;32m  OK  [0m] Found device 82540EM Gigabit Ethern...r (PRO/1000 MT Desktop Adapter).
[[0;32m  OK  [0m] Listening on Load/Save RF Kill Switch Status /dev/rfkill Watch.
[   14.819010] cloud-init[480]: Cloud-init v. 18.2 running 'init-local' at Sun, 10 Jun 2018 02:44:11 +0000. Up 14.39 seconds.
[[0;32m  OK  [0m] Started Initial cloud-init job (pre-networking).
[[0;32m  OK  [0m] Reached target Network (Pre).
         Starting Raise network interfaces...
[[0;32m  OK  [0m] Started ifup for enp0s3.
[[0;32m  OK  [0m] Started Set console font and keymap.
[[0;32m  OK  [0m] Created slice system-getty.slice.
[[0;32m  OK  [0m] Started Raise network interfaces.
[[0;32m  OK  [0m] Reached target Network.
         Starting Initial cloud-init job (metadata service crawler)...
[   16.526412] cloud-init[989]: Cloud-init v. 18.2 running 'init' at Sun, 10 Jun 2018 02:44:13 +0000. Up 16.04 seconds.
[   16.561212] cloud-init[989]: ci-info: +++++++++++++++++++++++++++++++++++++Net device info++++++++++++++++++++++++++++++++++++++
[   16.573054] cloud-init[989]: ci-info: +--------+------+----------------------------+---------------+-------+-------------------+
[   16.577894] cloud-init[989]: ci-info: | Device |  Up  |          Address           |      Mask     | Scope |     Hw-Address    |
[   16.581456] cloud-init[989]: ci-info: +--------+------+----------------------------+---------------+-------+-------------------+
[   16.586493] [[0;32m  OK  [0m] Started Initial cloud-init job (metadata service crawler).
[[0;32m  OK  [0m] Reached target Network is Online.
cloud-init[989]: ci-info: | enp0s3 | True |         10.0.2.15          | 255.255.255.0 |   .   | 02:e4:ac:f5:39:a9 |
[   16.625796]          Starting iSCSI initiator daemon (iscsid)...
[[0;32m  OK  [0m] Reached target Cloud-config availability.
[[0;32m  OK  [0m] Reached target System Initialization.
         Starting Socket activation for snappy daemon.
[[0;32m  OK  [0m] Listening on D-Bus System Message Bus Socket.
cloud-init[989]: ci-info: | enp0s3 | True | fe80::e4:acff:fef5:39a9/64 |       .       |  link | 02:e4:ac:f5:39:a9 |
[   16.647402] [[0;32m  OK  [0m] Started Daily apt download activities.
cloud-init[989]: ci-info: |   lo   | True |         127.0.0.1          |   255.0.0.0   |   .   |         .         |
[   16.666908] [[0;32m  OK  [0m] Started Daily apt upgrade and clean activities.
cloud-init[989]: ci-info: |   lo   | True |          ::1/128           |       .       |  host |         .         |
[   16.675212] [[0;32m  OK  [0m] Listening on ACPID Listen Socket.
cloud-init[989]: ci-info: +--------+------+----------------------------+---------------+-------+-------------------+
[   16.683057] [cloud-init[0;32m  OK  [0m[989]: ] ci-info: +++++++++++++++++++++++++++Route IPv4 info++++++++++++++++++++++++++++Started ACPI Events Check.

[   16.684121] [[0;32m  OK  [0m] Reached target Paths.
[[0;32m  OK  [0m] Listening on UUID daemon activation socket.
cloud-init[989]: ci-info: +-------+-------------+----------+---------------+-----------+-------+
[   16.746284]          Starting LXD - unix socket.
[[0;32m  OK  [0m] Started Daily Cleanup of Temporary Directories.
[[0;32m  OK  [0m] Reached target Timers.
cloud-init[989]: ci-info: | Route | Destination | Gateway  |    Genmask    | Interface | Flags |
[   16.773971] [[0;32m  OK  [0m] Listening on Socket activation for snappy daemon.
[[0;32m  OK  [0m] Listening on LXD - unix socket.
[[0;32m  OK  [0m] Started iSCSI initiator daemon (iscsid).
cloud-init[989]: ci-info: +-------+-------------+----------+---------------+-----------+-------+
[   16.782129] cloud-init[989]: ci-info: |   0   |   0.0.0.0   | 10.0.2.2 |    0.0.0.0    |   enp0s3  |   UG  |
[   16.785821] cloud-init[989]: ci-info: |   1   |   10.0.2.0  | 0.0.0.0  | 255.255.255.0 |   enp0s3  |   U   |
[   16.789838] cloud-init[989]:          Starting Login to default iSCSI targets...
[[0;32m  OK  [0m] Reached target Sockets.
[[0;32m  OK  [0m] Reached target Basic System.
ci-info: +-------+-------------+----------+---------------+-----------+-------+
         Starting LSB: Record successful boot for GRUB...
         Starting LXD - container startup/shutdown...
         Starting LSB: MD monitoring daemon...
         Starting Apply the settings specified in cloud-config...
         Starting Virtualbox guest utils...
         Starting System Logging Service...
         Starting Snappy daemon...
         Starting OpenBSD Secure Shell server...
[[0;32m  OK  [0m] Started D-Bus System Message Bus.
         Starting /etc/rc.local Compatibility...
[[0;32m  OK  [0m] Started Unattended Upgrades Shutdown.
[[0;32m  OK  [0m] Started Deferred execution scheduler.
[[0;32m  OK  [0m] Started FUSE filesystem for LXC.
[[0;32m  OK  [0m] Started ACPI event daemon.
         Starting Login Service...
[[0;32m  OK  [0m] Started Regular background program processing daemon.
         Starting Accounts Service...
[[0;32m  OK  [0m] Started System Logging Service.
[[0;32m  OK  [0m] Started OpenBSD Secure Shell server.
[[0;32m  OK  [0m] Started Snappy daemon.
[[0;32m  OK  [0m] Started LXD - container startup/shutdown.
[[0;32m  OK  [0m] Started /etc/rc.local Compatibility.
[[0;32m  OK  [0m] Started Login to default iSCSI targets.
[[0;32m  OK  [0m] Started LSB: Record successful boot for GRUB.
[[0;32m  OK  [0m] Started LSB: MD monitoring daemon.
[[0;32m  OK  [0m] Started Virtualbox guest utils.
[[0;32m  OK  [0m] Started Login Service.
         Starting Authenticate and Authorize Users to Run Privileged Tasks...
[[0;32m  OK  [0m] Reached target Remote File Systems (Pre).
[[0;32m  OK  [0m] Reached target Remote File Systems.
         Starting LSB: daemon to balance interrupts for SMP systems...
         Starting LSB: Set the CPU Frequency Scaling governor to "ondemand"...
         Starting LSB: automatic crash report generation...
         Starting Permit User Sessions...
         Starting Wait until snapd is fully seeded...
[[0;32m  OK  [0m] Started Permit User Sessions.
[[0;32m  OK  [0m] Started Wait until snapd is fully seeded.
[[0;32m  OK  [0m] Started Authenticate and Authorize Users to Run Privileged Tasks.
[[0;32m  OK  [0m] Started Accounts Service.
[[0;32m  OK  [0m] Started LSB: daemon to balance interrupts for SMP systems.
[[0;32m  OK  [0m] Started LSB: automatic crash report generation.
[[0;32m  OK  [0m] Started LSB: Set the CPU Frequency Scaling governor to "ondemand".
         Starting Hold until boot process finishes up...
         Starting Terminate Plymouth Boot Screen...
[[0;32m  OK  [0m] Started Hold until boot process finishes up.
[[0;32m  OK  [0m] Started Getty on tty1.
[[0;32m  OK  [0m] Started Serial Getty on ttyS0.
[[0;32m  OK  [0m] Reached target Login Prompts.
         Starting Set console scheme...
[[0;32m  OK  [0m] Started Terminate Plymouth Boot Screen.
[[0;32m  OK  [0m] Started Set console scheme.
[[0;32m  OK  [0m] Reached target Multi-User System.
[[0;32m  OK  [0m] Reached target Graphical Interface.
[   17.866912] cloud-init[1062]: Cloud-init v. 18.2 running 'modules:config' at Sun, 10 Jun 2018 02:44:14 +0000. Up 17.60 seconds.
         Starting Update UTMP about System Runlevel Changes...
[[0;32m  OK  [0m] Started Update UTMP about System Runlevel Changes.
[[0;32m  OK  [0m] Started Apply the settings specified in cloud-config.
         Starting Execute cloud user/final scripts...
[[0;32m  OK  [0m] Created slice User Slice of vagrant.
         Starting User Manager for UID 1000...
[[0;32m  OK  [0m] Started Session 1 of user vagrant.
[[0;32m  OK  [0m] Started User Manager for UID 1000.
[   18.631092] cloud-init[1237]: Cloud-init v. 18.2 running 'modules:final' at Sun, 10 Jun 2018 02:44:15 +0000. Up 18.34 seconds.
[   18.634639] cloud-init[1237]: Cloud-init v. 18.2 finished at Sun, 10 Jun 2018 02:44:15 +0000. Datasource DataSourceNoCloud [seed=/dev/sdb][dsmode=net].  Up 18.62 seconds
[[0;32m  OK  [0m] Started Execute cloud user/final scripts.
[[0;32m  OK  [0m] Reached target Cloud-init target.

Ubuntu 16.04.4 LTS ubuntu-xenial ttyS0

ubuntu-xenial login: 